-------------------------------------------------------------------------------
Test set: com.example.demo.EmployeeMgmtApplicationTests
-------------------------------------------------------------------------------
Tests run: 1, Failures: 0, Errors: 1, Skipped: 0, Time elapsed: 0.31 s <<< FAILURE! - in com.example.demo.EmployeeMgmtApplicationTests
com.example.demo.EmployeeMgmtApplicationTests  Time elapsed: 0.309 s  <<< ERROR!
java.lang.IllegalStateException: Unable to find a @SpringBootConfiguration, you need to use @ContextConfiguration or @SpringBootTest(classes=...) with your test

